<?xml version="1.0" encoding="UTF-8"?>
<testng-results skipped="0" failed="0" ignored="0" total="1" passed="1">
  <reporter-output>
  </reporter-output>
  <suite name="Default suite" duration-ms="103450" started-at="2019-08-17T18:01:25Z" finished-at="2019-08-17T18:03:08Z">
    <groups>
    </groups>
    <test name="Default test" duration-ms="103450" started-at="2019-08-17T18:01:25Z" finished-at="2019-08-17T18:03:08Z">
      <class name="com.practicce.amazon.amazon.buyHeadPhones">
        <test-method status="PASS" signature="AddBestSellersToCart()[pri:0, instance:com.practicce.amazon.amazon.buyHeadPhones@2b98378d]" name="AddBestSellersToCart" duration-ms="103387" started-at="2019-08-17T18:01:25Z" finished-at="2019-08-17T18:03:08Z">
          <reporter-output>
          </reporter-output>
        </test-method> <!-- AddBestSellersToCart -->
      </class> <!-- com.practicce.amazon.amazon.buyHeadPhones -->
    </test> <!-- Default test -->
  </suite> <!-- Default suite -->
</testng-results>
